<?xml version="1.0" encoding="UTF-8" ?>
<testsuite errors="0" failures="0" hostname="rafael" name="com.flatironschool.javacs.WikiPhilosophyTest" skipped="0" tests="1" time="5.936" timestamp="2016-07-10T05:42:19">
  <properties>
[...]
</properties>
  <testcase classname="com.flatironschool.javacs.WikiPhilosophyTest" name="testMain" time="5.865" />
  <system-out><![CDATA[Success
https://en.wikipedia.org/wiki/Java_(programming_language)
https://en.wikipedia.org/wiki/Programming_language
https://en.wikipedia.org/wiki/Formal_language
https://en.wikipedia.org/wiki/Mathematics
https://en.wikipedia.org/wiki/Quantity
https://en.wikipedia.org/wiki/Property_(philosophy)
https://en.wikipedia.org/wiki/Philosophy
]]></system-out>
  <system-err><![CDATA[]]></system-err>
</testsuite>
